<?xml version="1.0" encoding="UTF-8"?>
<!-- Generated by org.testng.reporters.JUnitReportReporter -->
<testsuite skipped="0" hostname="DESKTOP-O8J30PO" name="tests.LoginTest" tests="1" failures="0" timestamp="2019-11-25T19:02:44 CET" time="49.950" errors="0">
  <testcase name="basicLogin" time="49.950" classname="tests.LoginTest"/>
</testsuite> <!-- tests.LoginTest -->
